2022-12-07 23:22:38,921:INFO:Initializing load_model()
2022-12-07 23:22:38,921:INFO:load_model(model_name=/home/jovyan/work/api/DB_model, platform=None, authentication=None, verbose=True)
2022-12-07 23:22:38,959:INFO:Initializing load_model()
2022-12-07 23:22:38,960:INFO:load_model(model_name=/home/jovyan/work/api/HT_model, platform=None, authentication=None, verbose=True)
2022-12-07 23:23:38,996:INFO:Initializing load_model()
2022-12-07 23:23:38,997:INFO:load_model(model_name=/home/jovyan/work/api/DB_model, platform=None, authentication=None, verbose=True)
2022-12-07 23:23:39,021:INFO:Initializing load_model()
2022-12-07 23:23:39,021:INFO:load_model(model_name=/home/jovyan/work/api/HT_model, platform=None, authentication=None, verbose=True)
2022-12-07 23:23:39,030:INFO:PyCaret Supervised Module
2022-12-07 23:23:39,031:INFO:ML Usecase: classification
2022-12-07 23:23:39,031:INFO:version 2.3.10
2022-12-07 23:23:39,031:INFO:Initializing setup()
2022-12-07 23:23:39,031:INFO:setup(target=Diabetes_012, ml_usecase=classification, available_plots={'parameter': 'Hyperparameters', 'auc': 'AUC', 'confusion_matrix': 'Confusion Matrix', 'threshold': 'Threshold', 'pr': 'Precision Recall', 'error': 'Prediction Error', 'class_report': 'Class Report', 'rfe': 'Feature Selection', 'learning': 'Learning Curve', 'manifold': 'Manifold Learning', 'calibration': 'Calibration Curve', 'vc': 'Validation Curve', 'dimension': 'Dimensions', 'feature': 'Feature Importance', 'feature_all': 'Feature Importance (All)', 'boundary': 'Decision Boundary', 'lift': 'Lift Chart', 'gain': 'Gain Chart', 'tree': 'Decision Tree', 'ks': 'KS Statistic Plot'}, train_size=0.7, test_data=None, preprocess=True, imputation_type=simple, iterative_imputation_iters=5, categorical_features=None, categorical_imputation=constant, categorical_iterative_imputer=lightgbm, ordinal_features=None, high_cardinality_features=None, high_cardinality_method=frequency, numeric_features=None, numeric_imputation=mean, numeric_iterative_imputer=lightgbm, date_features=None, ignore_features=None, normalize=False, normalize_method=zscore, transformation=False, transformation_method=yeo-johnson, handle_unknown_categorical=True, unknown_categorical_method=least_frequent, pca=False, pca_method=linear, pca_components=None, ignore_low_variance=False, combine_rare_levels=False, rare_level_threshold=0.1, bin_numeric_features=None, remove_outliers=False, outliers_threshold=0.05, remove_multicollinearity=False, multicollinearity_threshold=0.9, remove_perfect_collinearity=True, create_clusters=False, cluster_iter=20, polynomial_features=False, polynomial_degree=2, trigonometry_features=False, polynomial_threshold=0.1, group_features=None, group_names=None, feature_selection=False, feature_selection_threshold=0.8, feature_selection_method=classic, feature_interaction=False, feature_ratio=False, interaction_threshold=0.01, fix_imbalance=False, fix_imbalance_method=None, transform_target=False, transform_target_method=box-cox, data_split_shuffle=True, data_split_stratify=False, fold_strategy=stratifiedkfold, fold=10, fold_shuffle=False, fold_groups=None, n_jobs=-1, use_gpu=False, custom_pipeline=None, html=True, session_id=None, log_experiment=False, experiment_name=None, experiment_custom_tags=None, log_plots=False, log_profile=False, log_data=False, silent=True, verbose=True, profile=False, profile_kwargs=None, display=None)
2022-12-07 23:23:39,031:INFO:Checking environment
2022-12-07 23:23:39,031:INFO:python_version: 3.9.4
2022-12-07 23:23:39,031:INFO:python_build: ('default', 'May 10 2021 22:13:33')
2022-12-07 23:23:39,031:INFO:machine: x86_64
2022-12-07 23:23:39,049:INFO:platform: Linux-5.15.0-47-generic-x86_64-with-glibc2.31
2022-12-07 23:23:39,049:INFO:Memory: svmem(total=67434680320, available=35225899008, percent=47.8, used=31407890432, free=3410616320, active=7359066112, inactive=47787356160, buffers=4534272, cached=32611639296, shared=59973632, slab=6584967168)
2022-12-07 23:23:39,050:INFO:Physical Core: 8
2022-12-07 23:23:39,050:INFO:Logical Core: 16
2022-12-07 23:23:39,050:INFO:Checking libraries
2022-12-07 23:23:39,050:INFO:pd==1.3.4
2022-12-07 23:23:39,050:INFO:numpy==1.19.5
2022-12-07 23:23:39,050:INFO:sklearn==0.23.2
2022-12-07 23:23:39,050:INFO:lightgbm==3.3.3
2022-12-07 23:23:39,051:WARNING:catboost not found
2022-12-07 23:23:39,051:WARNING:xgboost not found
2022-12-07 23:23:39,051:INFO:mlflow==2.0.1
2022-12-07 23:23:39,051:INFO:Checking Exceptions
2022-12-07 23:23:39,051:INFO:Declaring global variables
2022-12-07 23:23:39,051:INFO:USI: 7b05
2022-12-07 23:23:39,051:INFO:pycaret_globals: {'stratify_param', 'target_param', '_all_models', 'fold_groups_param', 'y_test', 'transform_target_method_param', '_internal_pipeline', '_ml_usecase', 'imputation_regressor', 'X', 'create_model_container', 'X_test', 'exp_name_log', 'USI', 'transform_target_param', 'fold_groups_param_full', 'fold_generator', 'gpu_param', 'display_container', 'experiment__', 'fold_param', 'dashboard_logger', 'imputation_classifier', 'y', 'html_param', 'X_train', 'fold_shuffle_param', 'fix_imbalance_param', 'master_model_container', 'prep_pipe', 'log_plots_param', 'fix_imbalance_method_param', 'pycaret_globals', 'logging_param', 'y_train', '_available_plots', 'iterative_imputation_iters_param', '_gpu_n_jobs_param', 'n_jobs_param', '_all_metrics', '_all_models_internal', 'data_before_preprocess', 'seed'}
2022-12-07 23:23:39,052:INFO:Preparing display monitor
2022-12-07 23:23:39,052:INFO:Preparing display monitor
2022-12-07 23:23:39,061:INFO:Importing libraries
2022-12-07 23:23:39,061:INFO:Copying data for preprocessing
2022-12-07 23:23:39,064:INFO:Declaring preprocessing parameters
2022-12-07 23:23:39,065:INFO:Creating preprocessing pipeline
2022-12-07 23:23:39,070:INFO:Preprocessing pipeline created successfully
2022-12-07 23:23:39,070:ERROR:(Process Exit): setup has been interupted with user command 'quit'. setup must rerun.
2022-12-07 23:23:39,070:INFO:Creating global containers
2022-12-07 23:23:39,084:INFO:Internal pipeline: Pipeline(memory=None, steps=[('empty_step', 'passthrough')], verbose=False)
2022-12-07 23:23:41,483:WARNING:Couldn't import xgboost.XGBClassifier
2022-12-07 23:23:41,484:WARNING:Couldn't import catboost.CatBoostClassifier
2022-12-07 23:23:41,587:WARNING:Couldn't import xgboost.XGBClassifier
2022-12-07 23:23:41,588:WARNING:Couldn't import catboost.CatBoostClassifier
2022-12-07 23:23:41,588:INFO:Creating grid variables
2022-12-07 23:23:41,591:INFO:create_model_container: 0
2022-12-07 23:23:41,591:INFO:master_model_container: 0
2022-12-07 23:23:41,591:INFO:display_container: 1
2022-12-07 23:23:41,597:INFO:Pipeline(memory=None,
         steps=[('dtypes',
                 DataTypes_Auto_infer(categorical_features=[],
                                      display_types=False, features_todrop=[],
                                      id_columns=['id'],
                                      ml_usecase='classification',
                                      numerical_features=[],
                                      target='Diabetes_012',
                                      time_features=[])),
                ('imputer',
                 Simple_Imputer(categorical_strategy='not_available',
                                fill_value_categorical=None,
                                fill_value_numerical=None,
                                nu...
                ('scaling', 'passthrough'), ('P_transform', 'passthrough'),
                ('binn', 'passthrough'), ('rem_outliers', 'passthrough'),
                ('cluster_all', 'passthrough'),
                ('dummy', Dummify(target='Diabetes_012')),
                ('fix_perfect', Remove_100(target='Diabetes_012')),
                ('clean_names', Clean_Colum_Names()),
                ('feature_select', 'passthrough'), ('fix_multi', 'passthrough'),
                ('dfs', 'passthrough'), ('pca', 'passthrough')],
         verbose=False)
2022-12-07 23:23:41,597:INFO:setup() succesfully completed......................................
2022-12-07 23:23:46,831:INFO:Initializing load_model()
2022-12-07 23:23:46,832:INFO:load_model(model_name=/home/jovyan/work/api/DB_model, platform=None, authentication=None, verbose=True)
2022-12-07 23:23:46,844:INFO:Initializing load_model()
2022-12-07 23:23:46,844:INFO:load_model(model_name=/home/jovyan/work/api/HT_model, platform=None, authentication=None, verbose=True)
2022-12-07 23:23:46,855:INFO:PyCaret Supervised Module
2022-12-07 23:23:46,855:INFO:ML Usecase: classification
2022-12-07 23:23:46,855:INFO:version 2.3.10
2022-12-07 23:23:46,855:INFO:Initializing setup()
2022-12-07 23:23:46,855:INFO:setup(target=Diabetes_012, ml_usecase=classification, available_plots={'parameter': 'Hyperparameters', 'auc': 'AUC', 'confusion_matrix': 'Confusion Matrix', 'threshold': 'Threshold', 'pr': 'Precision Recall', 'error': 'Prediction Error', 'class_report': 'Class Report', 'rfe': 'Feature Selection', 'learning': 'Learning Curve', 'manifold': 'Manifold Learning', 'calibration': 'Calibration Curve', 'vc': 'Validation Curve', 'dimension': 'Dimensions', 'feature': 'Feature Importance', 'feature_all': 'Feature Importance (All)', 'boundary': 'Decision Boundary', 'lift': 'Lift Chart', 'gain': 'Gain Chart', 'tree': 'Decision Tree', 'ks': 'KS Statistic Plot'}, train_size=0.7, test_data=None, preprocess=True, imputation_type=simple, iterative_imputation_iters=5, categorical_features=None, categorical_imputation=constant, categorical_iterative_imputer=lightgbm, ordinal_features=None, high_cardinality_features=None, high_cardinality_method=frequency, numeric_features=None, numeric_imputation=mean, numeric_iterative_imputer=lightgbm, date_features=None, ignore_features=None, normalize=False, normalize_method=zscore, transformation=False, transformation_method=yeo-johnson, handle_unknown_categorical=True, unknown_categorical_method=least_frequent, pca=False, pca_method=linear, pca_components=None, ignore_low_variance=False, combine_rare_levels=False, rare_level_threshold=0.1, bin_numeric_features=None, remove_outliers=False, outliers_threshold=0.05, remove_multicollinearity=False, multicollinearity_threshold=0.9, remove_perfect_collinearity=True, create_clusters=False, cluster_iter=20, polynomial_features=False, polynomial_degree=2, trigonometry_features=False, polynomial_threshold=0.1, group_features=None, group_names=None, feature_selection=False, feature_selection_threshold=0.8, feature_selection_method=classic, feature_interaction=False, feature_ratio=False, interaction_threshold=0.01, fix_imbalance=False, fix_imbalance_method=None, transform_target=False, transform_target_method=box-cox, data_split_shuffle=True, data_split_stratify=False, fold_strategy=stratifiedkfold, fold=10, fold_shuffle=False, fold_groups=None, n_jobs=-1, use_gpu=False, custom_pipeline=None, html=True, session_id=None, log_experiment=False, experiment_name=None, experiment_custom_tags=None, log_plots=False, log_profile=False, log_data=False, silent=True, verbose=True, profile=False, profile_kwargs=None, display=None)
2022-12-07 23:23:46,855:INFO:Checking environment
2022-12-07 23:23:46,855:INFO:python_version: 3.9.4
2022-12-07 23:23:46,855:INFO:python_build: ('default', 'May 10 2021 22:13:33')
2022-12-07 23:23:46,855:INFO:machine: x86_64
2022-12-07 23:23:46,876:INFO:platform: Linux-5.15.0-47-generic-x86_64-with-glibc2.31
2022-12-07 23:23:46,876:INFO:Memory: svmem(total=67434680320, available=35109347328, percent=47.9, used=31521841152, free=3438067712, active=7309209600, inactive=47812464640, buffers=4534272, cached=32470237184, shared=59994112, slab=6585430016)
2022-12-07 23:23:46,877:INFO:Physical Core: 8
2022-12-07 23:23:46,877:INFO:Logical Core: 16
2022-12-07 23:23:46,878:INFO:Checking libraries
2022-12-07 23:23:46,878:INFO:pd==1.3.4
2022-12-07 23:23:46,878:INFO:numpy==1.19.5
2022-12-07 23:23:46,878:INFO:sklearn==0.23.2
2022-12-07 23:23:46,878:INFO:lightgbm==3.3.3
2022-12-07 23:23:46,878:WARNING:catboost not found
2022-12-07 23:23:46,878:WARNING:xgboost not found
2022-12-07 23:23:46,878:INFO:mlflow==2.0.1
2022-12-07 23:23:46,879:INFO:Checking Exceptions
2022-12-07 23:23:46,879:INFO:Declaring global variables
2022-12-07 23:23:46,879:INFO:USI: 29d9
2022-12-07 23:23:46,879:INFO:pycaret_globals: {'fold_groups_param_full', 'master_model_container', 'iterative_imputation_iters_param', 'fix_imbalance_method_param', 'dashboard_logger', 'display_container', 'html_param', 'data_before_preprocess', '_all_models', 'stratify_param', 'imputation_classifier', 'n_jobs_param', '_all_metrics', 'transform_target_param', 'USI', 'prep_pipe', 'y_train', 'X', 'y', 'seed', 'fold_shuffle_param', 'X_test', 'logging_param', 'fold_groups_param', '_all_models_internal', 'experiment__', 'create_model_container', '_available_plots', 'pycaret_globals', '_internal_pipeline', '_gpu_n_jobs_param', 'exp_name_log', 'gpu_param', 'imputation_regressor', 'target_param', 'log_plots_param', 'X_train', 'fix_imbalance_param', 'y_test', 'transform_target_method_param', 'fold_generator', 'fold_param', '_ml_usecase'}
2022-12-07 23:23:46,879:INFO:Preparing display monitor
2022-12-07 23:23:46,879:INFO:Preparing display monitor
2022-12-07 23:23:46,890:INFO:Importing libraries
2022-12-07 23:23:46,890:INFO:Copying data for preprocessing
2022-12-07 23:23:46,893:INFO:Declaring preprocessing parameters
2022-12-07 23:23:46,894:INFO:Creating preprocessing pipeline
2022-12-07 23:23:46,900:INFO:Preprocessing pipeline created successfully
2022-12-07 23:23:46,900:ERROR:(Process Exit): setup has been interupted with user command 'quit'. setup must rerun.
2022-12-07 23:23:46,900:INFO:Creating global containers
2022-12-07 23:23:46,901:INFO:Internal pipeline: Pipeline(memory=None, steps=[('empty_step', 'passthrough')], verbose=False)
2022-12-07 23:23:48,617:WARNING:Couldn't import xgboost.XGBClassifier
2022-12-07 23:23:48,618:WARNING:Couldn't import catboost.CatBoostClassifier
2022-12-07 23:23:48,684:WARNING:Couldn't import xgboost.XGBClassifier
2022-12-07 23:23:48,684:WARNING:Couldn't import catboost.CatBoostClassifier
2022-12-07 23:23:48,685:INFO:Creating grid variables
2022-12-07 23:23:48,689:INFO:create_model_container: 0
2022-12-07 23:23:48,689:INFO:master_model_container: 0
2022-12-07 23:23:48,689:INFO:display_container: 1
2022-12-07 23:23:48,695:INFO:Pipeline(memory=None,
         steps=[('dtypes',
                 DataTypes_Auto_infer(categorical_features=[],
                                      display_types=False, features_todrop=[],
                                      id_columns=['id'],
                                      ml_usecase='classification',
                                      numerical_features=[],
                                      target='Diabetes_012',
                                      time_features=[])),
                ('imputer',
                 Simple_Imputer(categorical_strategy='not_available',
                                fill_value_categorical=None,
                                fill_value_numerical=None,
                                nu...
                ('scaling', 'passthrough'), ('P_transform', 'passthrough'),
                ('binn', 'passthrough'), ('rem_outliers', 'passthrough'),
                ('cluster_all', 'passthrough'),
                ('dummy', Dummify(target='Diabetes_012')),
                ('fix_perfect', Remove_100(target='Diabetes_012')),
                ('clean_names', Clean_Colum_Names()),
                ('feature_select', 'passthrough'), ('fix_multi', 'passthrough'),
                ('dfs', 'passthrough'), ('pca', 'passthrough')],
         verbose=False)
2022-12-07 23:23:48,695:INFO:setup() succesfully completed......................................
